2024-12-19T00:13:24,322  WARN ConfigConsistencyCheckerImpl:167 Using lanes without enabling linktolinkrouting might not lead to expected simulation results
2024-12-19T00:13:25,790  WARN RandomizingTimeDistanceTravelDisutilityFactory:118 There will be no routing randomness. The randomization of the travel disutility requires the travel time cost rate to be different than zero. Continuing anyway.
2024-12-19T00:13:32,601  WARN QueueWithBuffer:500 Link 10068307960002r too small: enlarge storage capacity from: 9.020534329340256 Vehicles to: 11.344273961588446 Vehicles.  This is not fatal, but modifies the traffic flow dynamics.
2024-12-19T00:13:32,603  WARN QueueWithBuffer:500 Link 10154031930004f too small: enlarge storage capacity from: 2.4658874054422926 Vehicles to: 2.554373973576078 Vehicles.  This is not fatal, but modifies the traffic flow dynamics.
2024-12-19T00:13:32,604  WARN QueueWithBuffer:500 Link 10154031930007f too small: enlarge storage capacity from: 1.4954450584439807 Vehicles to: 1.6130907591709631 Vehicles.  This is not fatal, but modifies the traffic flow dynamics.
2024-12-19T00:13:32,604  WARN QueueWithBuffer:500 Link 10154031930011f too small: enlarge storage capacity from: 2.140535389174068 Vehicles to: 2.247230716186079 Vehicles.  This is not fatal, but modifies the traffic flow dynamics.
2024-12-19T00:13:32,604  WARN QueueWithBuffer:500 Link 1015553310001f too small: enlarge storage capacity from: 4.468473187938614 Vehicles to: 6.401364517539638 Vehicles.  This is not fatal, but modifies the traffic flow dynamics.
2024-12-19T00:13:32,604  WARN QueueWithBuffer:500 Link 1015553310002f too small: enlarge storage capacity from: 1.1305267283291984 Vehicles to: 2.1639238495515216 Vehicles.  This is not fatal, but modifies the traffic flow dynamics.
2024-12-19T00:13:32,605  WARN QueueWithBuffer:500 Link 10202829550001f too small: enlarge storage capacity from: 0.8955671967312594 Vehicles to: 0.9913309382510596 Vehicles.  This is not fatal, but modifies the traffic flow dynamics.
2024-12-19T00:13:32,605  WARN QueueWithBuffer:500 Link 10202829570001f too small: enlarge storage capacity from: 0.8252015739424002 Vehicles to: 0.9162569883732605 Vehicles.  This is not fatal, but modifies the traffic flow dynamics.
2024-12-19T00:13:32,605  WARN QueueWithBuffer:500 Link 10202829580000f too small: enlarge storage capacity from: 1.040668969714815 Vehicles to: 1.1446940929514537 Vehicles.  This is not fatal, but modifies the traffic flow dynamics.
2024-12-19T00:13:32,606  WARN QueueWithBuffer:500 Link 10272851980001f too small: enlarge storage capacity from: 4.587067596944275 Vehicles to: 4.7853821439000575 Vehicles.  This is not fatal, but modifies the traffic flow dynamics.
2024-12-19T00:13:32,606  WARN QueueWithBuffer:500 Link 10272851980001r too small: enlarge storage capacity from: 4.587067596944275 Vehicles to: 4.7853821439000575 Vehicles.  This is not fatal, but modifies the traffic flow dynamics.
2024-12-19T00:13:32,606  WARN QueueWithBuffer:503 Additional warnings of this type are suppressed.
2024-12-19T00:13:40,145  WARN CharyparNagelActivityScoring:247 The first and the last activity do not have the same type. 
2024-12-19T00:13:40,145  WARN CharyparNagelActivityScoring:248 Will score the first activity from midnight to its end, and the last activity from its start to midnight.
2024-12-19T00:13:40,145  WARN CharyparNagelActivityScoring:249 Because of the nonlinear function, this is not the same as scoring from start to end.
2024-12-19T00:13:40,150  WARN CharyparNagelActivityScoring:250 first activity: act [type=home][coord=null][linkId=2796111390001f][startTime=undefined][endTime=08:00:00][duration=undefined][facilityId=null]
2024-12-19T00:13:40,150  WARN CharyparNagelActivityScoring:251 last activity: act [type=work][coord=null][linkId=2796111390001f][startTime=08:00:00][endTime=undefined][duration=undefined][facilityId=null]
2024-12-19T00:13:40,150  WARN CharyparNagelActivityScoring:252 This may also happen when plans are not completed when the simulation ends.
2024-12-19T00:13:40,150  WARN CharyparNagelActivityScoring:254 Additional warnings of this type are suppressed.
