2024-12-19T02:34:08,672  WARN ConfigConsistencyCheckerImpl:167 Using lanes without enabling linktolinkrouting might not lead to expected simulation results
2024-12-19T02:34:09,038  WARN RandomizingTimeDistanceTravelDisutilityFactory:118 There will be no routing randomness. The randomization of the travel disutility requires the travel time cost rate to be different than zero. Continuing anyway.
2024-12-19T02:34:09,869 ERROR QSim:360 got exception while cleaning up
java.lang.NullPointerException: Cannot invoke "java.util.List.iterator()" because the return value of "org.matsim.core.mobsim.qsim.qnetsimengine.AbstractQNetsimEngine.getQnetsimEngineRunner()" is null
	at org.matsim.core.mobsim.qsim.qnetsimengine.AbstractQNetsimEngine.afterSim(AbstractQNetsimEngine.java:182) ~[matsim-2024.0.jar:?]
	at org.matsim.core.mobsim.qsim.QSim.cleanupSim(QSim.java:357) [matsim-2024.0.jar:?]
	at org.matsim.core.mobsim.qsim.QSim.run(QSim.java:269) [matsim-2024.0.jar:?]
	at org.matsim.core.controler.NewControler.runMobSim(NewControler.java:125) [matsim-2024.0.jar:?]
	at org.matsim.core.controler.AbstractController$8.run(AbstractController.java:214) [matsim-2024.0.jar:?]
	at org.matsim.core.controler.AbstractController.iterationStep(AbstractController.java:246) [matsim-2024.0.jar:?]
	at org.matsim.core.controler.AbstractController.mobsim(AbstractController.java:210) [matsim-2024.0.jar:?]
	at org.matsim.core.controler.AbstractController.iteration(AbstractController.java:157) [matsim-2024.0.jar:?]
	at org.matsim.core.controler.AbstractController.doIterations(AbstractController.java:124) [matsim-2024.0.jar:?]
	at org.matsim.core.controler.AbstractController$1.run(AbstractController.java:84) [matsim-2024.0.jar:?]
	at org.matsim.core.controler.MatsimRuntimeModifications.run(MatsimRuntimeModifications.java:70) [matsim-2024.0.jar:?]
	at org.matsim.core.controler.MatsimRuntimeModifications.run(MatsimRuntimeModifications.java:53) [matsim-2024.0.jar:?]
	at org.matsim.core.controler.AbstractController.run(AbstractController.java:92) [matsim-2024.0.jar:?]
	at org.matsim.core.controler.NewControler.run(NewControler.java:83) [matsim-2024.0.jar:?]
	at org.matsim.core.controler.Controler.run(Controler.java:259) [matsim-2024.0.jar:?]
	at org.matsim.project.RunMatsim.main(RunMatsim.java:42) [classes/:?]
2024-12-19T02:34:09,879  WARN QSim:274 exception in finally block - this may be a follow-up exception of an exception thrown in the try block.
java.lang.RuntimeException: got exception while cleaning up the QSim. Please check the error messages above for details.
	at org.matsim.core.mobsim.qsim.QSim.cleanupSim(QSim.java:365) ~[matsim-2024.0.jar:?]
	at org.matsim.core.mobsim.qsim.QSim.run(QSim.java:269) [matsim-2024.0.jar:?]
	at org.matsim.core.controler.NewControler.runMobSim(NewControler.java:125) [matsim-2024.0.jar:?]
	at org.matsim.core.controler.AbstractController$8.run(AbstractController.java:214) [matsim-2024.0.jar:?]
	at org.matsim.core.controler.AbstractController.iterationStep(AbstractController.java:246) [matsim-2024.0.jar:?]
	at org.matsim.core.controler.AbstractController.mobsim(AbstractController.java:210) [matsim-2024.0.jar:?]
	at org.matsim.core.controler.AbstractController.iteration(AbstractController.java:157) [matsim-2024.0.jar:?]
	at org.matsim.core.controler.AbstractController.doIterations(AbstractController.java:124) [matsim-2024.0.jar:?]
	at org.matsim.core.controler.AbstractController$1.run(AbstractController.java:84) [matsim-2024.0.jar:?]
	at org.matsim.core.controler.MatsimRuntimeModifications.run(MatsimRuntimeModifications.java:70) [matsim-2024.0.jar:?]
	at org.matsim.core.controler.MatsimRuntimeModifications.run(MatsimRuntimeModifications.java:53) [matsim-2024.0.jar:?]
	at org.matsim.core.controler.AbstractController.run(AbstractController.java:92) [matsim-2024.0.jar:?]
	at org.matsim.core.controler.NewControler.run(NewControler.java:83) [matsim-2024.0.jar:?]
	at org.matsim.core.controler.Controler.run(Controler.java:259) [matsim-2024.0.jar:?]
	at org.matsim.project.RunMatsim.main(RunMatsim.java:42) [classes/:?]
2024-12-19T02:34:09,880 ERROR AbstractController:225 Mobsim did not complete normally! afterMobsimListeners will be called anyway.
java.lang.ClassCastException: class org.matsim.core.population.routes.GenericRouteImpl cannot be cast to class org.matsim.core.population.routes.NetworkRoute (org.matsim.core.population.routes.GenericRouteImpl and org.matsim.core.population.routes.NetworkRoute are in unnamed module of loader 'app')
	at org.matsim.core.mobsim.qsim.agents.PopulationAgentSource.insertVehicles(PopulationAgentSource.java:90) ~[matsim-2024.0.jar:?]
	at org.matsim.core.mobsim.qsim.agents.PopulationAgentSource.insertAgentsIntoMobsim(PopulationAgentSource.java:73) ~[matsim-2024.0.jar:?]
	at org.matsim.core.mobsim.qsim.QSim.createAgents(QSim.java:309) ~[matsim-2024.0.jar:?]
	at org.matsim.core.mobsim.qsim.QSim.prepareSim(QSim.java:294) ~[matsim-2024.0.jar:?]
	at org.matsim.core.mobsim.qsim.QSim.run(QSim.java:242) ~[matsim-2024.0.jar:?]
	at org.matsim.core.controler.NewControler.runMobSim(NewControler.java:125) ~[matsim-2024.0.jar:?]
	at org.matsim.core.controler.AbstractController$8.run(AbstractController.java:214) ~[matsim-2024.0.jar:?]
	at org.matsim.core.controler.AbstractController.iterationStep(AbstractController.java:246) ~[matsim-2024.0.jar:?]
	at org.matsim.core.controler.AbstractController.mobsim(AbstractController.java:210) [matsim-2024.0.jar:?]
	at org.matsim.core.controler.AbstractController.iteration(AbstractController.java:157) [matsim-2024.0.jar:?]
	at org.matsim.core.controler.AbstractController.doIterations(AbstractController.java:124) [matsim-2024.0.jar:?]
	at org.matsim.core.controler.AbstractController$1.run(AbstractController.java:84) [matsim-2024.0.jar:?]
	at org.matsim.core.controler.MatsimRuntimeModifications.run(MatsimRuntimeModifications.java:70) [matsim-2024.0.jar:?]
	at org.matsim.core.controler.MatsimRuntimeModifications.run(MatsimRuntimeModifications.java:53) [matsim-2024.0.jar:?]
	at org.matsim.core.controler.AbstractController.run(AbstractController.java:92) [matsim-2024.0.jar:?]
	at org.matsim.core.controler.NewControler.run(NewControler.java:83) [matsim-2024.0.jar:?]
	at org.matsim.core.controler.Controler.run(Controler.java:259) [matsim-2024.0.jar:?]
	at org.matsim.project.RunMatsim.main(RunMatsim.java:42) [classes/:?]
2024-12-19T02:34:09,887 ERROR MatsimRuntimeModifications:76 Getting uncaught Exception in Thread main
java.lang.ClassCastException: class org.matsim.core.population.routes.GenericRouteImpl cannot be cast to class org.matsim.core.population.routes.NetworkRoute (org.matsim.core.population.routes.GenericRouteImpl and org.matsim.core.population.routes.NetworkRoute are in unnamed module of loader 'app')
	at org.matsim.core.mobsim.qsim.agents.PopulationAgentSource.insertVehicles(PopulationAgentSource.java:90) ~[matsim-2024.0.jar:?]
	at org.matsim.core.mobsim.qsim.agents.PopulationAgentSource.insertAgentsIntoMobsim(PopulationAgentSource.java:73) ~[matsim-2024.0.jar:?]
	at org.matsim.core.mobsim.qsim.QSim.createAgents(QSim.java:309) ~[matsim-2024.0.jar:?]
	at org.matsim.core.mobsim.qsim.QSim.prepareSim(QSim.java:294) ~[matsim-2024.0.jar:?]
	at org.matsim.core.mobsim.qsim.QSim.run(QSim.java:242) ~[matsim-2024.0.jar:?]
	at org.matsim.core.controler.NewControler.runMobSim(NewControler.java:125) ~[matsim-2024.0.jar:?]
	at org.matsim.core.controler.AbstractController$8.run(AbstractController.java:214) ~[matsim-2024.0.jar:?]
	at org.matsim.core.controler.AbstractController.iterationStep(AbstractController.java:246) ~[matsim-2024.0.jar:?]
	at org.matsim.core.controler.AbstractController.mobsim(AbstractController.java:210) ~[matsim-2024.0.jar:?]
	at org.matsim.core.controler.AbstractController.iteration(AbstractController.java:157) ~[matsim-2024.0.jar:?]
	at org.matsim.core.controler.AbstractController.doIterations(AbstractController.java:124) ~[matsim-2024.0.jar:?]
	at org.matsim.core.controler.AbstractController$1.run(AbstractController.java:84) ~[matsim-2024.0.jar:?]
	at org.matsim.core.controler.MatsimRuntimeModifications.run(MatsimRuntimeModifications.java:70) [matsim-2024.0.jar:?]
	at org.matsim.core.controler.MatsimRuntimeModifications.run(MatsimRuntimeModifications.java:53) [matsim-2024.0.jar:?]
	at org.matsim.core.controler.AbstractController.run(AbstractController.java:92) [matsim-2024.0.jar:?]
	at org.matsim.core.controler.NewControler.run(NewControler.java:83) [matsim-2024.0.jar:?]
	at org.matsim.core.controler.Controler.run(Controler.java:259) [matsim-2024.0.jar:?]
	at org.matsim.project.RunMatsim.main(RunMatsim.java:42) [classes/:?]
2024-12-19T02:34:09,888 ERROR MatsimRuntimeModifications:82 ERROR --- This is an unexpected shutdown!
2024-12-19T02:34:09,888 ERROR MatsimRuntimeModifications:85 Shutdown possibly caused by the following Exception:
java.lang.ClassCastException: class org.matsim.core.population.routes.GenericRouteImpl cannot be cast to class org.matsim.core.population.routes.NetworkRoute (org.matsim.core.population.routes.GenericRouteImpl and org.matsim.core.population.routes.NetworkRoute are in unnamed module of loader 'app')
	at org.matsim.core.mobsim.qsim.agents.PopulationAgentSource.insertVehicles(PopulationAgentSource.java:90) ~[matsim-2024.0.jar:?]
	at org.matsim.core.mobsim.qsim.agents.PopulationAgentSource.insertAgentsIntoMobsim(PopulationAgentSource.java:73) ~[matsim-2024.0.jar:?]
	at org.matsim.core.mobsim.qsim.QSim.createAgents(QSim.java:309) ~[matsim-2024.0.jar:?]
	at org.matsim.core.mobsim.qsim.QSim.prepareSim(QSim.java:294) ~[matsim-2024.0.jar:?]
	at org.matsim.core.mobsim.qsim.QSim.run(QSim.java:242) ~[matsim-2024.0.jar:?]
	at org.matsim.core.controler.NewControler.runMobSim(NewControler.java:125) ~[matsim-2024.0.jar:?]
	at org.matsim.core.controler.AbstractController$8.run(AbstractController.java:214) ~[matsim-2024.0.jar:?]
	at org.matsim.core.controler.AbstractController.iterationStep(AbstractController.java:246) ~[matsim-2024.0.jar:?]
	at org.matsim.core.controler.AbstractController.mobsim(AbstractController.java:210) ~[matsim-2024.0.jar:?]
	at org.matsim.core.controler.AbstractController.iteration(AbstractController.java:157) ~[matsim-2024.0.jar:?]
	at org.matsim.core.controler.AbstractController.doIterations(AbstractController.java:124) ~[matsim-2024.0.jar:?]
	at org.matsim.core.controler.AbstractController$1.run(AbstractController.java:84) ~[matsim-2024.0.jar:?]
	at org.matsim.core.controler.MatsimRuntimeModifications.run(MatsimRuntimeModifications.java:70) [matsim-2024.0.jar:?]
	at org.matsim.core.controler.MatsimRuntimeModifications.run(MatsimRuntimeModifications.java:53) [matsim-2024.0.jar:?]
	at org.matsim.core.controler.AbstractController.run(AbstractController.java:92) [matsim-2024.0.jar:?]
	at org.matsim.core.controler.NewControler.run(NewControler.java:83) [matsim-2024.0.jar:?]
	at org.matsim.core.controler.Controler.run(Controler.java:259) [matsim-2024.0.jar:?]
	at org.matsim.project.RunMatsim.main(RunMatsim.java:42) [classes/:?]
2024-12-19T02:34:10,825 ERROR MatsimRuntimeModifications:100 ERROR --- MATSim unexpectedly terminated. Please check the output or the logfile with warnings and errors for hints.
2024-12-19T02:34:10,825 ERROR MatsimRuntimeModifications:101 ERROR --- results should not be used for further analysis.
2024-12-19T02:34:10,825 ERROR MatsimRuntimeModifications:105 ERROR --- This was an unexpected shutdown! See the log file for a possible reason.
