2024-12-19T00:18:57,626  WARN ConfigConsistencyCheckerImpl:167 Using lanes without enabling linktolinkrouting might not lead to expected simulation results
2024-12-19T00:18:59,097  WARN RandomizingTimeDistanceTravelDisutilityFactory:118 There will be no routing randomness. The randomization of the travel disutility requires the travel time cost rate to be different than zero. Continuing anyway.
2024-12-19T00:19:06,320  WARN QueueWithBuffer:500 Link 10068307960002r too small: enlarge storage capacity from: 30.751821577296326 Vehicles to: 32.2280510272399 Vehicles.  This is not fatal, but modifies the traffic flow dynamics.
2024-12-19T00:19:06,323  WARN QueueWithBuffer:500 Link 1015553310002f too small: enlarge storage capacity from: 4.62488207043763 Vehicles to: 6.147510936225913 Vehicles.  This is not fatal, but modifies the traffic flow dynamics.
2024-12-19T00:19:06,326  WARN QueueWithBuffer:500 Link 10370677300001f too small: enlarge storage capacity from: 18.027739271673383 Vehicles to: 22.403835689166996 Vehicles.  This is not fatal, but modifies the traffic flow dynamics.
2024-12-19T00:19:06,327  WARN QueueWithBuffer:500 Link 10413495490001f too small: enlarge storage capacity from: 8.672628913576045 Vehicles to: 9.727938244241258 Vehicles.  This is not fatal, but modifies the traffic flow dynamics.
2024-12-19T00:19:06,327  WARN QueueWithBuffer:500 Link 10413599840000f too small: enlarge storage capacity from: 25.23363458153814 Vehicles to: 28.588096123219845 Vehicles.  This is not fatal, but modifies the traffic flow dynamics.
2024-12-19T00:19:06,328  WARN QueueWithBuffer:500 Link 10512073740004f too small: enlarge storage capacity from: 16.716315233144627 Vehicles to: 18.28277179896496 Vehicles.  This is not fatal, but modifies the traffic flow dynamics.
2024-12-19T00:19:06,329  WARN QueueWithBuffer:500 Link 10538620160000f too small: enlarge storage capacity from: 48.50009954607647 Vehicles to: 55.75287139785118 Vehicles.  This is not fatal, but modifies the traffic flow dynamics.
2024-12-19T00:19:06,329  WARN QueueWithBuffer:500 Link 10546499840000f too small: enlarge storage capacity from: 3.6126449538282297 Vehicles to: 4.751397974587683 Vehicles.  This is not fatal, but modifies the traffic flow dynamics.
2024-12-19T00:19:06,329  WARN QueueWithBuffer:500 Link 10546499840000r too small: enlarge storage capacity from: 3.6126449538282297 Vehicles to: 4.751397974587683 Vehicles.  This is not fatal, but modifies the traffic flow dynamics.
2024-12-19T00:19:06,330  WARN QueueWithBuffer:500 Link 10627669770000f too small: enlarge storage capacity from: 11.306410019745204 Vehicles to: 16.103143417033248 Vehicles.  This is not fatal, but modifies the traffic flow dynamics.
2024-12-19T00:19:06,331  WARN QueueWithBuffer:500 Link 1069639280001f too small: enlarge storage capacity from: 22.673767251815303 Vehicles to: 26.691384652030923 Vehicles.  This is not fatal, but modifies the traffic flow dynamics.
2024-12-19T00:19:06,331  WARN QueueWithBuffer:503 Additional warnings of this type are suppressed.
2024-12-19T00:19:13,448  WARN CharyparNagelActivityScoring:247 The first and the last activity do not have the same type. 
2024-12-19T00:19:13,448  WARN CharyparNagelActivityScoring:248 Will score the first activity from midnight to its end, and the last activity from its start to midnight.
2024-12-19T00:19:13,448  WARN CharyparNagelActivityScoring:249 Because of the nonlinear function, this is not the same as scoring from start to end.
2024-12-19T00:19:13,453  WARN CharyparNagelActivityScoring:250 first activity: act [type=home][coord=null][linkId=3991634660002f][startTime=undefined][endTime=08:00:00][duration=undefined][facilityId=null]
2024-12-19T00:19:13,453  WARN CharyparNagelActivityScoring:251 last activity: act [type=work][coord=null][linkId=3991634660002f][startTime=08:00:00][endTime=undefined][duration=undefined][facilityId=null]
2024-12-19T00:19:13,453  WARN CharyparNagelActivityScoring:252 This may also happen when plans are not completed when the simulation ends.
2024-12-19T00:19:13,453  WARN CharyparNagelActivityScoring:254 Additional warnings of this type are suppressed.
