2024-12-18T03:16:43,708  WARN ConfigConsistencyCheckerImpl:167 Using lanes without enabling linktolinkrouting might not lead to expected simulation results
2024-12-18T03:16:44,960  WARN RandomizingTimeDistanceTravelDisutilityFactory:118 There will be no routing randomness. The randomization of the travel disutility requires the travel time cost rate to be different than zero. Continuing anyway.
2024-12-18T03:16:55,065  WARN QueueWithBuffer:500 Link 10068307960002f too small: enlarge storage capacity from: 12.300728630918531 Vehicles to: 12.891220410895958 Vehicles.  This is not fatal, but modifies the traffic flow dynamics.
2024-12-18T03:16:55,065  WARN QueueWithBuffer:500 Link 10068307960002r too small: enlarge storage capacity from: 8.200485753945687 Vehicles to: 8.594146940597305 Vehicles.  This is not fatal, but modifies the traffic flow dynamics.
2024-12-18T03:16:55,065  WARN QueueWithBuffer:500 Link 1015553310001f too small: enlarge storage capacity from: 4.0622483526714666 Vehicles to: 4.849518573893665 Vehicles.  This is not fatal, but modifies the traffic flow dynamics.
2024-12-18T03:16:55,066  WARN QueueWithBuffer:500 Link 10370677300001f too small: enlarge storage capacity from: 4.8073971391129025 Vehicles to: 5.974356183777864 Vehicles.  This is not fatal, but modifies the traffic flow dynamics.
2024-12-18T03:16:55,066  WARN QueueWithBuffer:500 Link 10413495490001f too small: enlarge storage capacity from: 1.9272508696835657 Vehicles to: 2.594116865131002 Vehicles.  This is not fatal, but modifies the traffic flow dynamics.
2024-12-18T03:16:55,066  WARN QueueWithBuffer:500 Link 10413599840000f too small: enlarge storage capacity from: 6.728969221743504 Vehicles to: 7.623492299525292 Vehicles.  This is not fatal, but modifies the traffic flow dynamics.
2024-12-18T03:16:55,067  WARN QueueWithBuffer:500 Link 10538620160000f too small: enlarge storage capacity from: 12.933359878953723 Vehicles to: 14.867432372760312 Vehicles.  This is not fatal, but modifies the traffic flow dynamics.
2024-12-18T03:16:55,067  WARN QueueWithBuffer:500 Link 10546499840000f too small: enlarge storage capacity from: 0.8028099897396065 Vehicles to: 1.2670394598900487 Vehicles.  This is not fatal, but modifies the traffic flow dynamics.
2024-12-18T03:16:55,067  WARN QueueWithBuffer:500 Link 10546499840000r too small: enlarge storage capacity from: 0.8028099897396065 Vehicles to: 1.2670394598900487 Vehicles.  This is not fatal, but modifies the traffic flow dynamics.
2024-12-18T03:16:55,067  WARN QueueWithBuffer:500 Link 10627669770000f too small: enlarge storage capacity from: 3.0150426719320538 Vehicles to: 4.294171577875533 Vehicles.  This is not fatal, but modifies the traffic flow dynamics.
2024-12-18T03:16:55,068  WARN QueueWithBuffer:500 Link 1069639280001f too small: enlarge storage capacity from: 6.046337933817413 Vehicles to: 7.1177025738749125 Vehicles.  This is not fatal, but modifies the traffic flow dynamics.
2024-12-18T03:16:55,068  WARN QueueWithBuffer:503 Additional warnings of this type are suppressed.
2024-12-18T03:17:06,084  WARN CharyparNagelActivityScoring:247 The first and the last activity do not have the same type. 
2024-12-18T03:17:06,084  WARN CharyparNagelActivityScoring:248 Will score the first activity from midnight to its end, and the last activity from its start to midnight.
2024-12-18T03:17:06,084  WARN CharyparNagelActivityScoring:249 Because of the nonlinear function, this is not the same as scoring from start to end.
2024-12-18T03:17:06,088  WARN CharyparNagelActivityScoring:250 first activity: act [type=home][coord=[x=-122.4181385438291 | y=37.7638821411388]][linkId=8774326010001f][startTime=undefined][endTime=08:00:00][duration=undefined][facilityId=null]
2024-12-18T03:17:06,088  WARN CharyparNagelActivityScoring:251 last activity: act [type=work][coord=[x=-122.41778620325137 | y=37.76655753077306]][linkId=8774326010001f][startTime=08:00:00][endTime=undefined][duration=undefined][facilityId=null]
2024-12-18T03:17:06,088  WARN CharyparNagelActivityScoring:252 This may also happen when plans are not completed when the simulation ends.
2024-12-18T03:17:06,088  WARN CharyparNagelActivityScoring:254 Additional warnings of this type are suppressed.
