2024-12-18T23:06:42,717  WARN ConfigConsistencyCheckerImpl:167 Using lanes without enabling linktolinkrouting might not lead to expected simulation results
2024-12-18T23:06:44,392  WARN RandomizingTimeDistanceTravelDisutilityFactory:118 There will be no routing randomness. The randomization of the travel disutility requires the travel time cost rate to be different than zero. Continuing anyway.
2024-12-18T23:06:51,598  WARN QueueWithBuffer:500 Link 10068307960002f too small: enlarge storage capacity from: 12.300728630918531 Vehicles to: 12.891220410895958 Vehicles.  This is not fatal, but modifies the traffic flow dynamics.
2024-12-18T23:06:51,598  WARN QueueWithBuffer:500 Link 10068307960002r too small: enlarge storage capacity from: 8.200485753945687 Vehicles to: 8.594146940597305 Vehicles.  This is not fatal, but modifies the traffic flow dynamics.
2024-12-18T23:06:51,600  WARN QueueWithBuffer:500 Link 1015553310001f too small: enlarge storage capacity from: 4.0622483526714666 Vehicles to: 4.849518573893665 Vehicles.  This is not fatal, but modifies the traffic flow dynamics.
2024-12-18T23:06:51,601  WARN QueueWithBuffer:500 Link 1015553310002f too small: enlarge storage capacity from: 1.0277515712083622 Vehicles to: 1.6393362496602437 Vehicles.  This is not fatal, but modifies the traffic flow dynamics.
2024-12-18T23:06:51,603  WARN QueueWithBuffer:500 Link 10370677300001f too small: enlarge storage capacity from: 4.8073971391129025 Vehicles to: 5.974356183777864 Vehicles.  This is not fatal, but modifies the traffic flow dynamics.
2024-12-18T23:06:51,603  WARN QueueWithBuffer:500 Link 10413495490001f too small: enlarge storage capacity from: 1.9272508696835657 Vehicles to: 2.594116865131002 Vehicles.  This is not fatal, but modifies the traffic flow dynamics.
2024-12-18T23:06:51,603  WARN QueueWithBuffer:500 Link 10413599840000f too small: enlarge storage capacity from: 6.728969221743504 Vehicles to: 7.623492299525292 Vehicles.  This is not fatal, but modifies the traffic flow dynamics.
2024-12-18T23:06:51,604  WARN QueueWithBuffer:500 Link 10512073740004f too small: enlarge storage capacity from: 3.7147367184765843 Vehicles to: 4.8754058130573235 Vehicles.  This is not fatal, but modifies the traffic flow dynamics.
2024-12-18T23:06:51,605  WARN QueueWithBuffer:500 Link 10538620160000f too small: enlarge storage capacity from: 12.933359878953723 Vehicles to: 14.867432372760312 Vehicles.  This is not fatal, but modifies the traffic flow dynamics.
2024-12-18T23:06:51,605  WARN QueueWithBuffer:500 Link 10546499840000f too small: enlarge storage capacity from: 0.8028099897396065 Vehicles to: 1.2670394598900487 Vehicles.  This is not fatal, but modifies the traffic flow dynamics.
2024-12-18T23:06:51,605  WARN QueueWithBuffer:500 Link 10546499840000r too small: enlarge storage capacity from: 0.8028099897396065 Vehicles to: 1.2670394598900487 Vehicles.  This is not fatal, but modifies the traffic flow dynamics.
2024-12-18T23:06:51,605  WARN QueueWithBuffer:503 Additional warnings of this type are suppressed.
2024-12-18T23:06:59,000  WARN CharyparNagelActivityScoring:247 The first and the last activity do not have the same type. 
2024-12-18T23:06:59,000  WARN CharyparNagelActivityScoring:248 Will score the first activity from midnight to its end, and the last activity from its start to midnight.
2024-12-18T23:06:59,000  WARN CharyparNagelActivityScoring:249 Because of the nonlinear function, this is not the same as scoring from start to end.
2024-12-18T23:06:59,005  WARN CharyparNagelActivityScoring:250 first activity: act [type=home][coord=null][linkId=11937645120002f][startTime=undefined][endTime=08:00:00][duration=undefined][facilityId=null]
2024-12-18T23:06:59,005  WARN CharyparNagelActivityScoring:251 last activity: act [type=work][coord=null][linkId=11937645120002f][startTime=08:00:00][endTime=undefined][duration=undefined][facilityId=null]
2024-12-18T23:06:59,005  WARN CharyparNagelActivityScoring:252 This may also happen when plans are not completed when the simulation ends.
2024-12-18T23:06:59,006  WARN CharyparNagelActivityScoring:254 Additional warnings of this type are suppressed.
